  EscapeRoomView.cpp
C:\Users\atraj\OneDrive\Desktop\PROJEKTI_CV\EscapeRoom\EscapeRoom\EscapeRoomView.cpp(83,63): warning C4244:  'argument': conversion from 'double' to 'int', possible loss of data
C:\Users\atraj\OneDrive\Desktop\PROJEKTI_CV\EscapeRoom\EscapeRoom\EscapeRoomView.cpp(83,50): warning C4244:  'argument': conversion from 'double' to 'int', possible loss of data
C:\Users\atraj\OneDrive\Desktop\PROJEKTI_CV\EscapeRoom\EscapeRoom\EscapeRoomView.cpp(83,37): warning C4244:  'argument': conversion from 'double' to 'int', possible loss of data
C:\Users\atraj\OneDrive\Desktop\PROJEKTI_CV\EscapeRoom\EscapeRoom\EscapeRoomView.cpp(83,24): warning C4244:  'argument': conversion from 'double' to 'int', possible loss of data
C:\Users\atraj\OneDrive\Desktop\PROJEKTI_CV\EscapeRoom\EscapeRoom\EscapeRoomView.cpp(89,24): warning C4244:  '=': conversion from 'double' to 'LONG', possible loss of data
C:\Users\atraj\OneDrive\Desktop\PROJEKTI_CV\EscapeRoom\EscapeRoom\EscapeRoomView.cpp(89,53): warning C4244:  '=': conversion from 'double' to 'LONG', possible loss of data
C:\Users\atraj\OneDrive\Desktop\PROJEKTI_CV\EscapeRoom\EscapeRoom\EscapeRoomView.cpp(90,31): warning C4244:  '=': conversion from 'double' to 'LONG', possible loss of data
C:\Users\atraj\OneDrive\Desktop\PROJEKTI_CV\EscapeRoom\EscapeRoom\EscapeRoomView.cpp(90,67): warning C4244:  '=': conversion from 'double' to 'LONG', possible loss of data
C:\Users\atraj\OneDrive\Desktop\PROJEKTI_CV\EscapeRoom\EscapeRoom\EscapeRoomView.cpp(91,31): warning C4244:  '=': conversion from 'double' to 'LONG', possible loss of data
C:\Users\atraj\OneDrive\Desktop\PROJEKTI_CV\EscapeRoom\EscapeRoom\EscapeRoomView.cpp(91,70): warning C4244:  '=': conversion from 'double' to 'LONG', possible loss of data
C:\Users\atraj\OneDrive\Desktop\PROJEKTI_CV\EscapeRoom\EscapeRoom\EscapeRoomView.cpp(92,24): warning C4244:  '=': conversion from 'double' to 'LONG', possible loss of data
C:\Users\atraj\OneDrive\Desktop\PROJEKTI_CV\EscapeRoom\EscapeRoom\EscapeRoomView.cpp(92,56): warning C4244:  '=': conversion from 'double' to 'LONG', possible loss of data
C:\Users\atraj\OneDrive\Desktop\PROJEKTI_CV\EscapeRoom\EscapeRoom\EscapeRoomView.cpp(103,50): warning C4244:  'argument': conversion from 'double' to 'int', possible loss of data
C:\Users\atraj\OneDrive\Desktop\PROJEKTI_CV\EscapeRoom\EscapeRoom\EscapeRoomView.cpp(103,22): warning C4244:  'argument': conversion from 'double' to 'int', possible loss of data
C:\Users\atraj\OneDrive\Desktop\PROJEKTI_CV\EscapeRoom\EscapeRoom\EscapeRoomView.cpp(102,58): warning C4244:  'argument': conversion from 'double' to 'int', possible loss of data
C:\Users\atraj\OneDrive\Desktop\PROJEKTI_CV\EscapeRoom\EscapeRoom\EscapeRoomView.cpp(102,30): warning C4244:  'argument': conversion from 'double' to 'int', possible loss of data
C:\Users\atraj\OneDrive\Desktop\PROJEKTI_CV\EscapeRoom\EscapeRoom\EscapeRoomView.cpp(118,54): warning C4244:  'argument': conversion from 'double' to 'int', possible loss of data
C:\Users\atraj\OneDrive\Desktop\PROJEKTI_CV\EscapeRoom\EscapeRoom\EscapeRoomView.cpp(118,41): warning C4244:  'argument': conversion from 'double' to 'int', possible loss of data
C:\Users\atraj\OneDrive\Desktop\PROJEKTI_CV\EscapeRoom\EscapeRoom\EscapeRoomView.cpp(118,28): warning C4244:  'argument': conversion from 'double' to 'int', possible loss of data
C:\Users\atraj\OneDrive\Desktop\PROJEKTI_CV\EscapeRoom\EscapeRoom\EscapeRoomView.cpp(118,15): warning C4244:  'argument': conversion from 'double' to 'int', possible loss of data
C:\Users\atraj\OneDrive\Desktop\PROJEKTI_CV\EscapeRoom\EscapeRoom\EscapeRoomView.cpp(130,54): warning C4244:  'argument': conversion from 'double' to 'int', possible loss of data
C:\Users\atraj\OneDrive\Desktop\PROJEKTI_CV\EscapeRoom\EscapeRoom\EscapeRoomView.cpp(130,41): warning C4244:  'argument': conversion from 'double' to 'int', possible loss of data
C:\Users\atraj\OneDrive\Desktop\PROJEKTI_CV\EscapeRoom\EscapeRoom\EscapeRoomView.cpp(130,28): warning C4244:  'argument': conversion from 'double' to 'int', possible loss of data
C:\Users\atraj\OneDrive\Desktop\PROJEKTI_CV\EscapeRoom\EscapeRoom\EscapeRoomView.cpp(130,15): warning C4244:  'argument': conversion from 'double' to 'int', possible loss of data
C:\Users\atraj\OneDrive\Desktop\PROJEKTI_CV\EscapeRoom\EscapeRoom\EscapeRoomView.cpp(141,50): warning C4244:  'argument': conversion from 'double' to 'int', possible loss of data
C:\Users\atraj\OneDrive\Desktop\PROJEKTI_CV\EscapeRoom\EscapeRoom\EscapeRoomView.cpp(141,38): warning C4244:  'argument': conversion from 'double' to 'int', possible loss of data
C:\Users\atraj\OneDrive\Desktop\PROJEKTI_CV\EscapeRoom\EscapeRoom\EscapeRoomView.cpp(141,26): warning C4244:  'argument': conversion from 'double' to 'int', possible loss of data
C:\Users\atraj\OneDrive\Desktop\PROJEKTI_CV\EscapeRoom\EscapeRoom\EscapeRoomView.cpp(141,14): warning C4244:  'argument': conversion from 'double' to 'int', possible loss of data
C:\Users\atraj\OneDrive\Desktop\PROJEKTI_CV\EscapeRoom\EscapeRoom\EscapeRoomView.cpp(150,51): warning C4244:  'argument': conversion from 'double' to 'int', possible loss of data
C:\Users\atraj\OneDrive\Desktop\PROJEKTI_CV\EscapeRoom\EscapeRoom\EscapeRoomView.cpp(150,39): warning C4244:  'argument': conversion from 'double' to 'int', possible loss of data
C:\Users\atraj\OneDrive\Desktop\PROJEKTI_CV\EscapeRoom\EscapeRoom\EscapeRoomView.cpp(150,26): warning C4244:  'argument': conversion from 'double' to 'int', possible loss of data
C:\Users\atraj\OneDrive\Desktop\PROJEKTI_CV\EscapeRoom\EscapeRoom\EscapeRoomView.cpp(150,14): warning C4244:  'argument': conversion from 'double' to 'int', possible loss of data
C:\Users\atraj\OneDrive\Desktop\PROJEKTI_CV\EscapeRoom\EscapeRoom\EscapeRoomView.cpp(159,52): warning C4244:  'argument': conversion from 'double' to 'int', possible loss of data
C:\Users\atraj\OneDrive\Desktop\PROJEKTI_CV\EscapeRoom\EscapeRoom\EscapeRoomView.cpp(159,40): warning C4244:  'argument': conversion from 'double' to 'int', possible loss of data
C:\Users\atraj\OneDrive\Desktop\PROJEKTI_CV\EscapeRoom\EscapeRoom\EscapeRoomView.cpp(159,27): warning C4244:  'argument': conversion from 'double' to 'int', possible loss of data
C:\Users\atraj\OneDrive\Desktop\PROJEKTI_CV\EscapeRoom\EscapeRoom\EscapeRoomView.cpp(159,15): warning C4244:  'argument': conversion from 'double' to 'int', possible loss of data
C:\Users\atraj\OneDrive\Desktop\PROJEKTI_CV\EscapeRoom\EscapeRoom\EscapeRoomView.cpp(175,20): warning C4244:  '=': conversion from 'double' to 'LONG', possible loss of data
C:\Users\atraj\OneDrive\Desktop\PROJEKTI_CV\EscapeRoom\EscapeRoom\EscapeRoomView.cpp(175,46): warning C4244:  '=': conversion from 'double' to 'LONG', possible loss of data
C:\Users\atraj\OneDrive\Desktop\PROJEKTI_CV\EscapeRoom\EscapeRoom\EscapeRoomView.cpp(176,20): warning C4244:  '=': conversion from 'double' to 'LONG', possible loss of data
C:\Users\atraj\OneDrive\Desktop\PROJEKTI_CV\EscapeRoom\EscapeRoom\EscapeRoomView.cpp(176,46): warning C4244:  '=': conversion from 'double' to 'LONG', possible loss of data
C:\Users\atraj\OneDrive\Desktop\PROJEKTI_CV\EscapeRoom\EscapeRoom\EscapeRoomView.cpp(177,20): warning C4244:  '=': conversion from 'double' to 'LONG', possible loss of data
C:\Users\atraj\OneDrive\Desktop\PROJEKTI_CV\EscapeRoom\EscapeRoom\EscapeRoomView.cpp(177,46): warning C4244:  '=': conversion from 'double' to 'LONG', possible loss of data
C:\Users\atraj\OneDrive\Desktop\PROJEKTI_CV\EscapeRoom\EscapeRoom\EscapeRoomView.cpp(178,20): warning C4244:  '=': conversion from 'double' to 'LONG', possible loss of data
C:\Users\atraj\OneDrive\Desktop\PROJEKTI_CV\EscapeRoom\EscapeRoom\EscapeRoomView.cpp(178,46): warning C4244:  '=': conversion from 'double' to 'LONG', possible loss of data
C:\Users\atraj\OneDrive\Desktop\PROJEKTI_CV\EscapeRoom\EscapeRoom\EscapeRoomView.cpp(184,24): warning C4244:  '=': conversion from 'double' to 'LONG', possible loss of data
C:\Users\atraj\OneDrive\Desktop\PROJEKTI_CV\EscapeRoom\EscapeRoom\EscapeRoomView.cpp(184,54): warning C4244:  '=': conversion from 'double' to 'LONG', possible loss of data
C:\Users\atraj\OneDrive\Desktop\PROJEKTI_CV\EscapeRoom\EscapeRoom\EscapeRoomView.cpp(185,24): warning C4244:  '=': conversion from 'double' to 'LONG', possible loss of data
C:\Users\atraj\OneDrive\Desktop\PROJEKTI_CV\EscapeRoom\EscapeRoom\EscapeRoomView.cpp(185,54): warning C4244:  '=': conversion from 'double' to 'LONG', possible loss of data
C:\Users\atraj\OneDrive\Desktop\PROJEKTI_CV\EscapeRoom\EscapeRoom\EscapeRoomView.cpp(186,24): warning C4244:  '=': conversion from 'double' to 'LONG', possible loss of data
C:\Users\atraj\OneDrive\Desktop\PROJEKTI_CV\EscapeRoom\EscapeRoom\EscapeRoomView.cpp(186,54): warning C4244:  '=': conversion from 'double' to 'LONG', possible loss of data
C:\Users\atraj\OneDrive\Desktop\PROJEKTI_CV\EscapeRoom\EscapeRoom\EscapeRoomView.cpp(187,24): warning C4244:  '=': conversion from 'double' to 'LONG', possible loss of data
C:\Users\atraj\OneDrive\Desktop\PROJEKTI_CV\EscapeRoom\EscapeRoom\EscapeRoomView.cpp(187,54): warning C4244:  '=': conversion from 'double' to 'LONG', possible loss of data
C:\Users\atraj\OneDrive\Desktop\PROJEKTI_CV\EscapeRoom\EscapeRoom\EscapeRoomView.cpp(501,48): warning C4244:  'argument': conversion from 'double' to 'float', possible loss of data
C:\Users\atraj\OneDrive\Desktop\PROJEKTI_CV\EscapeRoom\EscapeRoom\EscapeRoomView.cpp(522,16): warning C4244:  '+=': conversion from 'double' to 'float', possible loss of data
C:\Users\atraj\OneDrive\Desktop\PROJEKTI_CV\EscapeRoom\EscapeRoom\EscapeRoomView.cpp(529,16): warning C4244:  '+=': conversion from 'double' to 'float', possible loss of data
C:\Users\atraj\OneDrive\Desktop\PROJEKTI_CV\EscapeRoom\EscapeRoom\EscapeRoomView.cpp(536,16): warning C4244:  '+=': conversion from 'double' to 'float', possible loss of data
C:\Users\atraj\OneDrive\Desktop\PROJEKTI_CV\EscapeRoom\EscapeRoom\EscapeRoomView.cpp(543,16): warning C4244:  '+=': conversion from 'double' to 'float', possible loss of data
C:\Users\atraj\OneDrive\Desktop\PROJEKTI_CV\EscapeRoom\EscapeRoom\EscapeRoomView.cpp(550,16): warning C4244:  '+=': conversion from 'double' to 'float', possible loss of data
C:\Users\atraj\OneDrive\Desktop\PROJEKTI_CV\EscapeRoom\EscapeRoom\EscapeRoomView.cpp(557,16): warning C4244:  '+=': conversion from 'double' to 'float', possible loss of data
C:\Users\atraj\OneDrive\Desktop\PROJEKTI_CV\EscapeRoom\EscapeRoom\EscapeRoomView.cpp(563,16): warning C4244:  '+=': conversion from 'double' to 'float', possible loss of data
C:\Users\atraj\OneDrive\Desktop\PROJEKTI_CV\EscapeRoom\EscapeRoom\EscapeRoomView.cpp(570,16): warning C4244:  '+=': conversion from 'double' to 'float', possible loss of data
C:\Users\atraj\OneDrive\Desktop\PROJEKTI_CV\EscapeRoom\EscapeRoom\EscapeRoomView.cpp(577,16): warning C4244:  '+=': conversion from 'double' to 'float', possible loss of data
C:\Users\atraj\OneDrive\Desktop\PROJEKTI_CV\EscapeRoom\EscapeRoom\EscapeRoomView.cpp(584,16): warning C4244:  '+=': conversion from 'double' to 'float', possible loss of data
C:\Users\atraj\OneDrive\Desktop\PROJEKTI_CV\EscapeRoom\EscapeRoom\EscapeRoomView.cpp(591,16): warning C4244:  '+=': conversion from 'double' to 'float', possible loss of data
C:\Users\atraj\OneDrive\Desktop\PROJEKTI_CV\EscapeRoom\EscapeRoom\EscapeRoomView.cpp(599,47): warning C4244:  'argument': conversion from 'double' to 'float', possible loss of data
C:\Users\atraj\OneDrive\Desktop\PROJEKTI_CV\EscapeRoom\EscapeRoom\EscapeRoomView.cpp(608,47): warning C4244:  'argument': conversion from 'double' to 'float', possible loss of data
C:\Users\atraj\OneDrive\Desktop\PROJEKTI_CV\EscapeRoom\EscapeRoom\EscapeRoomView.cpp(628,45): warning C4244:  'argument': conversion from 'double' to 'float', possible loss of data
C:\Users\atraj\OneDrive\Desktop\PROJEKTI_CV\EscapeRoom\EscapeRoom\EscapeRoomView.cpp(678,66): warning C4244:  'argument': conversion from 'double' to 'int', possible loss of data
C:\Users\atraj\OneDrive\Desktop\PROJEKTI_CV\EscapeRoom\EscapeRoom\EscapeRoomView.cpp(678,50): warning C4244:  'argument': conversion from 'double' to 'int', possible loss of data
C:\Users\atraj\OneDrive\Desktop\PROJEKTI_CV\EscapeRoom\EscapeRoom\EscapeRoomView.cpp(678,35): warning C4244:  'argument': conversion from 'double' to 'int', possible loss of data
C:\Users\atraj\OneDrive\Desktop\PROJEKTI_CV\EscapeRoom\EscapeRoom\EscapeRoomView.cpp(678,22): warning C4244:  'argument': conversion from 'double' to 'int', possible loss of data
C:\Users\atraj\OneDrive\Desktop\PROJEKTI_CV\EscapeRoom\EscapeRoom\EscapeRoomView.cpp(683,19): warning C4244:  '=': conversion from 'double' to 'LONG', possible loss of data
C:\Users\atraj\OneDrive\Desktop\PROJEKTI_CV\EscapeRoom\EscapeRoom\EscapeRoomView.cpp(683,44): warning C4244:  '=': conversion from 'double' to 'LONG', possible loss of data
C:\Users\atraj\OneDrive\Desktop\PROJEKTI_CV\EscapeRoom\EscapeRoom\EscapeRoomView.cpp(684,26): warning C4244:  '=': conversion from 'double' to 'LONG', possible loss of data
C:\Users\atraj\OneDrive\Desktop\PROJEKTI_CV\EscapeRoom\EscapeRoom\EscapeRoomView.cpp(684,58): warning C4244:  '=': conversion from 'double' to 'LONG', possible loss of data
C:\Users\atraj\OneDrive\Desktop\PROJEKTI_CV\EscapeRoom\EscapeRoom\EscapeRoomView.cpp(685,26): warning C4244:  '=': conversion from 'double' to 'LONG', possible loss of data
C:\Users\atraj\OneDrive\Desktop\PROJEKTI_CV\EscapeRoom\EscapeRoom\EscapeRoomView.cpp(685,59): warning C4244:  '=': conversion from 'double' to 'LONG', possible loss of data
C:\Users\atraj\OneDrive\Desktop\PROJEKTI_CV\EscapeRoom\EscapeRoom\EscapeRoomView.cpp(686,19): warning C4244:  '=': conversion from 'double' to 'LONG', possible loss of data
C:\Users\atraj\OneDrive\Desktop\PROJEKTI_CV\EscapeRoom\EscapeRoom\EscapeRoomView.cpp(686,47): warning C4244:  '=': conversion from 'double' to 'LONG', possible loss of data
C:\Users\atraj\OneDrive\Desktop\PROJEKTI_CV\EscapeRoom\EscapeRoom\EscapeRoomView.cpp(690,20): warning C4244:  '=': conversion from 'double' to 'LONG', possible loss of data
C:\Users\atraj\OneDrive\Desktop\PROJEKTI_CV\EscapeRoom\EscapeRoom\EscapeRoomView.cpp(690,45): warning C4244:  '=': conversion from 'double' to 'LONG', possible loss of data
C:\Users\atraj\OneDrive\Desktop\PROJEKTI_CV\EscapeRoom\EscapeRoom\EscapeRoomView.cpp(691,27): warning C4244:  '=': conversion from 'double' to 'LONG', possible loss of data
C:\Users\atraj\OneDrive\Desktop\PROJEKTI_CV\EscapeRoom\EscapeRoom\EscapeRoomView.cpp(691,59): warning C4244:  '=': conversion from 'double' to 'LONG', possible loss of data
C:\Users\atraj\OneDrive\Desktop\PROJEKTI_CV\EscapeRoom\EscapeRoom\EscapeRoomView.cpp(692,27): warning C4244:  '=': conversion from 'double' to 'LONG', possible loss of data
C:\Users\atraj\OneDrive\Desktop\PROJEKTI_CV\EscapeRoom\EscapeRoom\EscapeRoomView.cpp(692,60): warning C4244:  '=': conversion from 'double' to 'LONG', possible loss of data
C:\Users\atraj\OneDrive\Desktop\PROJEKTI_CV\EscapeRoom\EscapeRoom\EscapeRoomView.cpp(693,20): warning C4244:  '=': conversion from 'double' to 'LONG', possible loss of data
C:\Users\atraj\OneDrive\Desktop\PROJEKTI_CV\EscapeRoom\EscapeRoom\EscapeRoomView.cpp(693,48): warning C4244:  '=': conversion from 'double' to 'LONG', possible loss of data
C:\Users\atraj\OneDrive\Desktop\PROJEKTI_CV\EscapeRoom\EscapeRoom\EscapeRoomView.cpp(698,37): warning C4244:  'argument': conversion from 'double' to 'int', possible loss of data
C:\Users\atraj\OneDrive\Desktop\PROJEKTI_CV\EscapeRoom\EscapeRoom\EscapeRoomView.cpp(698,16): warning C4244:  'argument': conversion from 'double' to 'int', possible loss of data
C:\Users\atraj\OneDrive\Desktop\PROJEKTI_CV\EscapeRoom\EscapeRoom\EscapeRoomView.cpp(697,49): warning C4244:  'argument': conversion from 'double' to 'int', possible loss of data
C:\Users\atraj\OneDrive\Desktop\PROJEKTI_CV\EscapeRoom\EscapeRoom\EscapeRoomView.cpp(697,29): warning C4244:  'argument': conversion from 'double' to 'int', possible loss of data
C:\Users\atraj\OneDrive\Desktop\PROJEKTI_CV\EscapeRoom\EscapeRoom\EscapeRoomView.cpp(702,15): warning C4244:  'initializing': conversion from 'double' to 'int', possible loss of data
C:\Users\atraj\OneDrive\Desktop\PROJEKTI_CV\EscapeRoom\EscapeRoom\EscapeRoomView.cpp(703,11): warning C4244:  'initializing': conversion from 'double' to 'int', possible loss of data
C:\Users\atraj\OneDrive\Desktop\PROJEKTI_CV\EscapeRoom\EscapeRoom\EscapeRoomView.cpp(728,18): warning C4244:  '=': conversion from 'double' to 'FLOAT', possible loss of data
C:\Users\atraj\OneDrive\Desktop\PROJEKTI_CV\EscapeRoom\EscapeRoom\EscapeRoomView.cpp(729,18): warning C4244:  '=': conversion from 'double' to 'FLOAT', possible loss of data
C:\Users\atraj\OneDrive\Desktop\PROJEKTI_CV\EscapeRoom\EscapeRoom\EscapeRoomView.cpp(730,15): warning C4244:  '=': conversion from 'double' to 'FLOAT', possible loss of data
C:\Users\atraj\OneDrive\Desktop\PROJEKTI_CV\EscapeRoom\EscapeRoom\EscapeRoomView.cpp(731,18): warning C4244:  '=': conversion from 'double' to 'FLOAT', possible loss of data
C:\Users\atraj\OneDrive\Desktop\PROJEKTI_CV\EscapeRoom\EscapeRoom\EscapeRoomView.cpp(804,35): warning C4244:  'argument': conversion from 'double' to 'int', possible loss of data
C:\Users\atraj\OneDrive\Desktop\PROJEKTI_CV\EscapeRoom\EscapeRoom\EscapeRoomView.cpp(804,14): warning C4244:  'argument': conversion from 'double' to 'int', possible loss of data
C:\Users\atraj\OneDrive\Desktop\PROJEKTI_CV\EscapeRoom\EscapeRoom\EscapeRoomView.cpp(803,56): warning C4244:  'argument': conversion from 'double' to 'int', possible loss of data
C:\Users\atraj\OneDrive\Desktop\PROJEKTI_CV\EscapeRoom\EscapeRoom\EscapeRoomView.cpp(803,38): warning C4244:  'argument': conversion from 'double' to 'int', possible loss of data
C:\Users\atraj\OneDrive\Desktop\PROJEKTI_CV\EscapeRoom\EscapeRoom\EscapeRoomView.cpp(813,23): warning C4244:  '=': conversion from 'double' to 'LONG', possible loss of data
C:\Users\atraj\OneDrive\Desktop\PROJEKTI_CV\EscapeRoom\EscapeRoom\EscapeRoomView.cpp(813,52): warning C4244:  '=': conversion from 'double' to 'LONG', possible loss of data
C:\Users\atraj\OneDrive\Desktop\PROJEKTI_CV\EscapeRoom\EscapeRoom\EscapeRoomView.cpp(814,30): warning C4244:  '=': conversion from 'double' to 'LONG', possible loss of data
C:\Users\atraj\OneDrive\Desktop\PROJEKTI_CV\EscapeRoom\EscapeRoom\EscapeRoomView.cpp(814,66): warning C4244:  '=': conversion from 'double' to 'LONG', possible loss of data
C:\Users\atraj\OneDrive\Desktop\PROJEKTI_CV\EscapeRoom\EscapeRoom\EscapeRoomView.cpp(815,30): warning C4244:  '=': conversion from 'double' to 'LONG', possible loss of data
C:\Users\atraj\OneDrive\Desktop\PROJEKTI_CV\EscapeRoom\EscapeRoom\EscapeRoomView.cpp(815,69): warning C4244:  '=': conversion from 'double' to 'LONG', possible loss of data
C:\Users\atraj\OneDrive\Desktop\PROJEKTI_CV\EscapeRoom\EscapeRoom\EscapeRoomView.cpp(816,23): warning C4244:  '=': conversion from 'double' to 'LONG', possible loss of data
C:\Users\atraj\OneDrive\Desktop\PROJEKTI_CV\EscapeRoom\EscapeRoom\EscapeRoomView.cpp(816,55): warning C4244:  '=': conversion from 'double' to 'LONG', possible loss of data
C:\Users\atraj\OneDrive\Desktop\PROJEKTI_CV\EscapeRoom\EscapeRoom\EscapeRoomView.cpp(824,48): warning C4244:  'argument': conversion from 'double' to 'int', possible loss of data
C:\Users\atraj\OneDrive\Desktop\PROJEKTI_CV\EscapeRoom\EscapeRoom\EscapeRoomView.cpp(824,20): warning C4244:  'argument': conversion from 'double' to 'int', possible loss of data
C:\Users\atraj\OneDrive\Desktop\PROJEKTI_CV\EscapeRoom\EscapeRoom\EscapeRoomView.cpp(823,66): warning C4244:  'argument': conversion from 'double' to 'int', possible loss of data
C:\Users\atraj\OneDrive\Desktop\PROJEKTI_CV\EscapeRoom\EscapeRoom\EscapeRoomView.cpp(823,38): warning C4244:  'argument': conversion from 'double' to 'int', possible loss of data
C:\Users\atraj\OneDrive\Desktop\PROJEKTI_CV\EscapeRoom\EscapeRoom\EscapeRoomView.cpp(833,73): warning C4244:  'argument': conversion from 'double' to 'int', possible loss of data
C:\Users\atraj\OneDrive\Desktop\PROJEKTI_CV\EscapeRoom\EscapeRoom\EscapeRoomView.cpp(833,60): warning C4244:  'argument': conversion from 'double' to 'int', possible loss of data
C:\Users\atraj\OneDrive\Desktop\PROJEKTI_CV\EscapeRoom\EscapeRoom\EscapeRoomView.cpp(833,47): warning C4244:  'argument': conversion from 'double' to 'int', possible loss of data
C:\Users\atraj\OneDrive\Desktop\PROJEKTI_CV\EscapeRoom\EscapeRoom\EscapeRoomView.cpp(833,34): warning C4244:  'argument': conversion from 'double' to 'int', possible loss of data
C:\Users\atraj\OneDrive\Desktop\PROJEKTI_CV\EscapeRoom\EscapeRoom\EscapeRoomView.cpp(839,73): warning C4244:  'argument': conversion from 'double' to 'int', possible loss of data
C:\Users\atraj\OneDrive\Desktop\PROJEKTI_CV\EscapeRoom\EscapeRoom\EscapeRoomView.cpp(839,60): warning C4244:  'argument': conversion from 'double' to 'int', possible loss of data
C:\Users\atraj\OneDrive\Desktop\PROJEKTI_CV\EscapeRoom\EscapeRoom\EscapeRoomView.cpp(839,47): warning C4244:  'argument': conversion from 'double' to 'int', possible loss of data
C:\Users\atraj\OneDrive\Desktop\PROJEKTI_CV\EscapeRoom\EscapeRoom\EscapeRoomView.cpp(839,34): warning C4244:  'argument': conversion from 'double' to 'int', possible loss of data
C:\Users\atraj\OneDrive\Desktop\PROJEKTI_CV\EscapeRoom\EscapeRoom\EscapeRoomView.cpp(845,75): warning C4244:  'argument': conversion from 'double' to 'int', possible loss of data
C:\Users\atraj\OneDrive\Desktop\PROJEKTI_CV\EscapeRoom\EscapeRoom\EscapeRoomView.cpp(845,62): warning C4244:  'argument': conversion from 'double' to 'int', possible loss of data
C:\Users\atraj\OneDrive\Desktop\PROJEKTI_CV\EscapeRoom\EscapeRoom\EscapeRoomView.cpp(845,49): warning C4244:  'argument': conversion from 'double' to 'int', possible loss of data
C:\Users\atraj\OneDrive\Desktop\PROJEKTI_CV\EscapeRoom\EscapeRoom\EscapeRoomView.cpp(845,36): warning C4244:  'argument': conversion from 'double' to 'int', possible loss of data
C:\Users\atraj\OneDrive\Desktop\PROJEKTI_CV\EscapeRoom\EscapeRoom\EscapeRoomView.cpp(854,74): warning C4244:  'argument': conversion from 'double' to 'int', possible loss of data
C:\Users\atraj\OneDrive\Desktop\PROJEKTI_CV\EscapeRoom\EscapeRoom\EscapeRoomView.cpp(854,61): warning C4244:  'argument': conversion from 'double' to 'int', possible loss of data
C:\Users\atraj\OneDrive\Desktop\PROJEKTI_CV\EscapeRoom\EscapeRoom\EscapeRoomView.cpp(854,48): warning C4244:  'argument': conversion from 'double' to 'int', possible loss of data
C:\Users\atraj\OneDrive\Desktop\PROJEKTI_CV\EscapeRoom\EscapeRoom\EscapeRoomView.cpp(854,35): warning C4244:  'argument': conversion from 'double' to 'int', possible loss of data
C:\Users\atraj\OneDrive\Desktop\PROJEKTI_CV\EscapeRoom\EscapeRoom\EscapeRoomView.cpp(862,73): warning C4244:  'argument': conversion from 'double' to 'int', possible loss of data
C:\Users\atraj\OneDrive\Desktop\PROJEKTI_CV\EscapeRoom\EscapeRoom\EscapeRoomView.cpp(862,60): warning C4244:  'argument': conversion from 'double' to 'int', possible loss of data
C:\Users\atraj\OneDrive\Desktop\PROJEKTI_CV\EscapeRoom\EscapeRoom\EscapeRoomView.cpp(862,47): warning C4244:  'argument': conversion from 'double' to 'int', possible loss of data
C:\Users\atraj\OneDrive\Desktop\PROJEKTI_CV\EscapeRoom\EscapeRoom\EscapeRoomView.cpp(862,34): warning C4244:  'argument': conversion from 'double' to 'int', possible loss of data
C:\Users\atraj\OneDrive\Desktop\PROJEKTI_CV\EscapeRoom\EscapeRoom\EscapeRoomView.cpp(869,76): warning C4244:  'argument': conversion from 'double' to 'int', possible loss of data
C:\Users\atraj\OneDrive\Desktop\PROJEKTI_CV\EscapeRoom\EscapeRoom\EscapeRoomView.cpp(869,63): warning C4244:  'argument': conversion from 'double' to 'int', possible loss of data
C:\Users\atraj\OneDrive\Desktop\PROJEKTI_CV\EscapeRoom\EscapeRoom\EscapeRoomView.cpp(869,50): warning C4244:  'argument': conversion from 'double' to 'int', possible loss of data
C:\Users\atraj\OneDrive\Desktop\PROJEKTI_CV\EscapeRoom\EscapeRoom\EscapeRoomView.cpp(869,37): warning C4244:  'argument': conversion from 'double' to 'int', possible loss of data
C:\Users\atraj\OneDrive\Desktop\PROJEKTI_CV\EscapeRoom\EscapeRoom\EscapeRoomView.cpp(878,72): warning C4244:  'argument': conversion from 'double' to 'int', possible loss of data
C:\Users\atraj\OneDrive\Desktop\PROJEKTI_CV\EscapeRoom\EscapeRoom\EscapeRoomView.cpp(878,59): warning C4244:  'argument': conversion from 'double' to 'int', possible loss of data
C:\Users\atraj\OneDrive\Desktop\PROJEKTI_CV\EscapeRoom\EscapeRoom\EscapeRoomView.cpp(878,46): warning C4244:  'argument': conversion from 'double' to 'int', possible loss of data
C:\Users\atraj\OneDrive\Desktop\PROJEKTI_CV\EscapeRoom\EscapeRoom\EscapeRoomView.cpp(878,33): warning C4244:  'argument': conversion from 'double' to 'int', possible loss of data
  EscapeRoom.vcxproj -> C:\Users\atraj\OneDrive\Desktop\PROJEKTI_CV\EscapeRoom\Debug\EscapeRoom.exe
